[debug] [2022-07-14T06:31:05.418Z] ----------------------------------------------------------------------
[debug] [2022-07-14T06:31:05.421Z] Command:       C:\Program Files\nodejs\node.exe C:\Users\aksha\AppData\Roaming\npm\node_modules\firebase-tools\lib\bin\firebase.js init
[debug] [2022-07-14T06:31:05.422Z] CLI Version:   11.2.2
[debug] [2022-07-14T06:31:05.422Z] Platform:      win32
[debug] [2022-07-14T06:31:05.422Z] Node Version:  v16.14.0
[debug] [2022-07-14T06:31:05.424Z] Time:          Thu Jul 14 2022 12:01:05 GMT+0530 (India Standard Time)
[debug] [2022-07-14T06:31:05.424Z] ----------------------------------------------------------------------
[debug] 
[debug] [2022-07-14T06:31:05.435Z] > command requires scopes: ["email","openid","https://www.googleapis.com/auth/cloudplatformprojects.readonly","https://www.googleapis.com/auth/firebase","https://www.googleapis.com/auth/cloud-platform"]
[debug] [2022-07-14T06:31:05.436Z] > authorizing via signed-in user (mohanskincare@gmail.com)
[info] 
     ######## #### ########  ######## ########     ###     ######  ########
     ##        ##  ##     ## ##       ##     ##  ##   ##  ##       ##
     ######    ##  ########  ######   ########  #########  ######  ######
     ##        ##  ##    ##  ##       ##     ## ##     ##       ## ##
     ##       #### ##     ## ######## ########  ##     ##  ######  ########

You're about to initialize a Firebase project in this directory:

  D:\Code\mohansg

[info] 
=== Project Setup
[info] 
[info] First, let's associate this project directory with a Firebase project.
[info] You can create multiple project aliases by running firebase use --add, 
[info] but for now we'll just set up a default project.
[info] 
[debug] [2022-07-14T06:31:49.459Z] >>> [apiv2][query] GET https://firebase.googleapis.com/v1beta1/projects pageSize=100
[debug] [2022-07-14T06:31:50.229Z] <<< [apiv2][status] GET https://firebase.googleapis.com/v1beta1/projects 200
[debug] [2022-07-14T06:31:50.229Z] <<< [apiv2][body] GET https://firebase.googleapis.com/v1beta1/projects [omitted]
[info] i  Using project mohan-sg-care (Mohan SG Care) 
[info] 
=== Hosting Setup
[info] 
[info] Your public directory is the folder (relative to your project directory) that
[info] will contain Hosting assets to be uploaded with firebase deploy. If you
[info] have a build process for your assets, use your build's output directory.
[info] 
[info] +  Wrote public/404.html 
[debug] [2022-07-14T06:32:21.436Z] >>> [apiv2][query] GET https://www.gstatic.com/firebasejs/releases.json [none]
[debug] [2022-07-14T06:32:21.562Z] <<< [apiv2][status] GET https://www.gstatic.com/firebasejs/releases.json 200
[debug] [2022-07-14T06:32:21.563Z] <<< [apiv2][body] GET https://www.gstatic.com/firebasejs/releases.json {"current":{"version":"9.9.0","browserURL":"https://www.gstatic.com/firebasejs/9.9.0/firebase.js","packageURL":"https://www.gstatic.com/firebasejs/9.9.0/firebase.tgz"},"live":{"version":"9.9","browserURL":"https://www.gstatic.com/firebasejs/live/9.9/firebase.js","packageURL":"https://www.gstatic.com/firebasejs/live/9.9/firebase.tgz"},"components":{"analytics":"https://www.gstatic.com/firebasejs/9.9.0/firebase-analytics.js","app":"https://www.gstatic.com/firebasejs/9.9.0/firebase-app.js","app-check":"https://www.gstatic.com/firebasejs/9.9.0/firebase-app-check.js","auth":"https://www.gstatic.com/firebasejs/9.9.0/firebase-auth.js","auth/cordova":"https://www.gstatic.com/firebasejs/9.9.0/firebase-auth/cordova.js","auth/react-native":"https://www.gstatic.com/firebasejs/9.9.0/firebase-auth/react-native.js","functions":"https://www.gstatic.com/firebasejs/9.9.0/firebase-functions.js","firestore":"https://www.gstatic.com/firebasejs/9.9.0/firebase-firestore.js","firestore/lite":"https://www.gstatic.com/firebasejs/9.9.0/firebase-firestore/lite.js","installations":"https://www.gstatic.com/firebasejs/9.9.0/firebase-installations.js","storage":"https://www.gstatic.com/firebasejs/9.9.0/firebase-storage.js","performance":"https://www.gstatic.com/firebasejs/9.9.0/firebase-performance.js","remote-config":"https://www.gstatic.com/firebasejs/9.9.0/firebase-remote-config.js","messaging":"https://www.gstatic.com/firebasejs/9.9.0/firebase-messaging.js","messaging/sw":"https://www.gstatic.com/firebasejs/9.9.0/firebase-messaging/sw.js","database":"https://www.gstatic.com/firebasejs/9.9.0/firebase-database.js","firestore.memory":"https://www.gstatic.com/firebasejs/9.9.0/firebase-firestore.memory.js"}}
[info] +  Wrote public/index.html 
[info] 
[info] i  Detected a .git folder at D:\Code\mohansg 
[info] i  Authorizing with GitHub to upload your service account to a GitHub repository's secrets store. 
[info] 
[info] Visit this URL on this device to log in:
[info] https://github.com/login/oauth/authorize?client_id=89cf50f02ac6aaed3484&state=823524397&redirect_uri=http%3A%2F%2Flocalhost%3A9005&scope=read%3Auser%20repo%20public_repo
[info] 
[info] Waiting for authentication...
[debug] [2022-07-14T06:32:22.617Z] >>> [apiv2][query] POST https://github.com/login/oauth/access_token [none]
[debug] [2022-07-14T06:32:22.617Z] >>> [apiv2][body] POST https://github.com/login/oauth/access_token [stream]
[debug] [2022-07-14T06:32:23.074Z] <<< [apiv2][status] POST https://github.com/login/oauth/access_token 200
[debug] [2022-07-14T06:32:23.075Z] <<< [apiv2][body] POST https://github.com/login/oauth/access_token {"access_token":"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","token_type":"bearer","scope":"read:user,repo"}
[debug] [2022-07-14T06:32:23.085Z] >>> [apiv2][query] GET https://api.github.com/user [none]
[debug] [2022-07-14T06:32:23.581Z] <<< [apiv2][status] GET https://api.github.com/user 200
[debug] [2022-07-14T06:32:23.581Z] <<< [apiv2][body] GET https://api.github.com/user {"login":"akshaikrishnan","id":71927833,"node_id":"MDQ6VXNlcjcxOTI3ODMz","avatar_url":"https://avatars.githubusercontent.com/u/71927833?v=4","gravatar_id":"","url":"https://api.github.com/users/akshaikrishnan","html_url":"https://github.com/akshaikrishnan","followers_url":"https://api.github.com/users/akshaikrishnan/followers","following_url":"https://api.github.com/users/akshaikrishnan/following{/other_user}","gists_url":"https://api.github.com/users/akshaikrishnan/gists{/gist_id}","starred_url":"https://api.github.com/users/akshaikrishnan/starred{/owner}{/repo}","subscriptions_url":"https://api.github.com/users/akshaikrishnan/subscriptions","organizations_url":"https://api.github.com/users/akshaikrishnan/orgs","repos_url":"https://api.github.com/users/akshaikrishnan/repos","events_url":"https://api.github.com/users/akshaikrishnan/events{/privacy}","received_events_url":"https://api.github.com/users/akshaikrishnan/received_events","type":"User","site_admin":false,"name":null,"company":null,"blog":"","location":null,"email":null,"hireable":null,"bio":null,"twitter_username":null,"public_repos":9,"public_gists":0,"followers":0,"following":0,"created_at":"2020-09-26T11:10:48Z","updated_at":"2022-07-01T09:16:08Z","private_gists":0,"total_private_repos":3,"owned_private_repos":3,"disk_usage":86425,"collaborators":3,"two_factor_authentication":false,"plan":{"name":"free","space":976562499,"collaborators":0,"private_repos":10000}}
[info] 
[info] +  Success! Logged into GitHub as akshaikrishnan 
[info] 
